{
  "RSpec": {
    "coverage": {
      "/home/awarnecke/Dropbox/code/ruby/tweetfeed/lib/tweetfeed_config.rb": [
        1,
        1,
        null,
        null,
        null,
        null,
        1,
        1,
        null,
        1,
        1,
        null,
        1,
        3,
        3,
        3,
        3,
        null,
        null,
        1,
        7,
        7,
        7,
        null,
        7,
        7,
        7,
        null,
        7,
        28,
        7,
        null,
        0,
        0,
        null,
        null,
        7,
        7,
        null,
        7,
        7,
        null,
        null,
        1,
        null,
        1,
        1,
        1,
        null,
        null,
        null,
        null
      ],
      "/home/awarnecke/Dropbox/code/ruby/tweetfeed/spec/twitter_spec.rb": [
        1,
        1,
        null,
        1,
        1,
        1,
        null,
        null,
        null,
        1,
        1,
        null,
        1,
        null,
        null,
        null
      ]
    },
    "timestamp": 1371536602
  }
}
