{
  "RSpec": {
    "coverage": {
      "/home/madhatter/Dropbox/code/ruby/tweetfeed/lib/tweetfeed_config.rb": [
        1,
        1,
        null,
        null,
        null,
        null,
        1,
        1,
        null,
        1,
        1,
        null,
        1,
        4,
        4,
        4,
        4,
        null,
        null,
        1,
        10,
        10,
        10,
        null,
        10,
        10,
        10,
        null,
        10,
        36,
        9,
        null,
        1,
        1,
        null,
        null,
        9,
        9,
        null,
        9,
        9,
        null,
        null,
        1,
        null,
        1,
        1,
        1,
        null,
        null,
        null,
        null
      ],
      "/home/madhatter/Dropbox/code/ruby/tweetfeed/spec/twitter_spec.rb": [
        1,
        1,
        null,
        1,
        1,
        1,
        null,
        null,
        null,
        1,
        1,
        null,
        1,
        null,
        null,
        null
      ]
    },
    "timestamp": 1371554666
  }
}
